TN:
SF:contracts/CapacitorFactory.sol
FN:39,CapacitorFactory.deploy
FNDA:301,CapacitorFactory.deploy
DA:45,301
DA:47,301
BRDA:47,0,0,-
BRDA:47,0,1,53
DA:48,53
DA:54,248
BRDA:54,1,0,-
BRDA:54,1,1,15
DA:55,15
DA:61,233
FN:70,CapacitorFactory.rescueFunds
FNDA:3,CapacitorFactory.rescueFunds
DA:75,2
FNF:2
FNH:2
LF:7
LH:7
BRF:4
BRH:2
end_of_record
TN:
SF:contracts/ExecutionManager.sol
FN:87,ExecutionManager.isExecutor
FNDA:8,ExecutionManager.isExecutor
DA:97,8
DA:98,8
FN:104,ExecutionManager.updateExecutionFees
FNDA:6,ExecutionManager.updateExecutionFees
FN:111,ExecutionManager.payFees
FNDA:16,ExecutionManager.payFees
FN:124,ExecutionManager.getMinFees
FNDA:37,ExecutionManager.getMinFees
DA:130,37
BRDA:130,0,0,1
BRDA:130,0,1,36
DA:132,36
DA:133,36
DA:135,36
BRDA:135,1,0,33
BRDA:135,1,1,3
DA:137,3
DA:139,3
BRDA:139,2,0,1
BRDA:139,2,1,2
DA:140,1
DA:141,2
BRDA:141,3,0,1
BRDA:141,3,1,1
DA:142,1
DA:144,1
DA:147,1
FN:150,ExecutionManager.verifyParams
FNDA:6,ExecutionManager.verifyParams
DA:154,6
DA:155,6
DA:157,6
BRDA:157,4,0,6
BRDA:157,4,1,-
DA:159,0
DA:161,0
BRDA:161,5,0,-
BRDA:161,5,1,-
FN:164,ExecutionManager.setExecutionFees
FNDA:20,ExecutionManager.setExecutionFees
DA:170,20
DA:184,20
DA:185,20
BRDA:185,6,0,-
BRDA:185,6,1,20
DA:187,20
DA:188,20
FN:191,ExecutionManager.setRelativeNativeTokenPrice
FNDA:20,ExecutionManager.setRelativeNativeTokenPrice
DA:197,20
DA:211,20
DA:213,20
BRDA:213,7,0,-
BRDA:213,7,1,20
DA:215,20
DA:216,20
FN:222,ExecutionManager.setMsgValueMinThreshold
FNDA:21,ExecutionManager.setMsgValueMinThreshold
DA:228,21
DA:242,21
DA:243,21
BRDA:243,8,0,-
BRDA:243,8,1,21
DA:245,21
DA:246,21
FN:249,ExecutionManager.setMsgValueMaxThreshold
FNDA:20,ExecutionManager.setMsgValueMaxThreshold
DA:255,20
DA:269,20
DA:271,20
BRDA:271,9,0,-
BRDA:271,9,1,20
DA:273,20
DA:274,20
FN:281,ExecutionManager.withdrawFees
FNDA:2,ExecutionManager.withdrawFees
DA:282,1
FN:291,ExecutionManager.rescueFunds
FNDA:2,ExecutionManager.rescueFunds
DA:296,2
FNF:11
FNH:11
LF:40
LH:38
BRF:20
BRH:13
end_of_record
TN:
SF:contracts/OpenExecutionManager.sol
FN:23,OpenExecutionManager.isExecutor
FNDA:2,OpenExecutionManager.isExecutor
DA:27,2
DA:28,2
FNF:1
FNH:1
LF:2
LH:2
BRF:0
BRH:0
end_of_record
TN:
SF:contracts/TransmitManager.sol
FN:70,TransmitManager.checkTransmitter
FNDA:30,TransmitManager.checkTransmitter
DA:75,30
DA:80,30
FN:90,TransmitManager.payFees
FNDA:16,TransmitManager.payFees
FN:96,TransmitManager.getMinFees
FNDA:33,TransmitManager.getMinFees
DA:99,33
FN:102,TransmitManager.setTransmissionFees
FNDA:20,TransmitManager.setTransmissionFees
DA:108,20
DA:122,20
DA:124,20
BRDA:124,0,0,-
BRDA:124,0,1,20
DA:126,20
DA:127,20
FN:134,TransmitManager.withdrawFees
FNDA:2,TransmitManager.withdrawFees
DA:135,2
FN:142,TransmitManager.setSignatureVerifier
FNDA:1,TransmitManager.setSignatureVerifier
DA:145,1
DA:146,1
FN:155,TransmitManager.rescueFunds
FNDA:1,TransmitManager.rescueFunds
DA:160,1
FNF:7
FNH:7
LF:12
LH:12
BRF:2
BRH:1
end_of_record
TN:
SF:contracts/capacitors/BaseCapacitor.sol
FN:52,BaseCapacitor.sealPacket
FNDA:21,BaseCapacitor.sealPacket
DA:55,19
DA:56,19
BRDA:56,0,0,2
BRDA:56,0,1,17
DA:58,17
DA:59,17
FN:66,BaseCapacitor.getNextPacketToBeSealed
FNDA:29,BaseCapacitor.getNextPacketToBeSealed
DA:73,29
DA:74,29
FN:82,BaseCapacitor.getRootByCount
FNDA:22,BaseCapacitor.getRootByCount
DA:85,22
FN:92,BaseCapacitor.getLatestPacketCount
FNDA:5,BaseCapacitor.getLatestPacketCount
DA:93,5
FN:102,BaseCapacitor.rescueFunds
FNDA:2,BaseCapacitor.rescueFunds
DA:107,2
FNF:5
FNH:5
LF:9
LH:9
BRF:2
BRH:2
end_of_record
TN:
SF:contracts/capacitors/HashChainCapacitor.sol
FN:36,HashChainCapacitor.addPackedMessage
FNDA:11,HashChainCapacitor.addPackedMessage
DA:39,10
DA:41,10
DA:44,10
DA:49,10
BRDA:49,0,0,-
BRDA:49,0,1,10
DA:50,0
DA:51,0
DA:54,10
FNF:1
FNH:1
LF:7
LH:5
BRF:2
BRH:1
end_of_record
TN:
SF:contracts/capacitors/SingleCapacitor.sol
FN:29,SingleCapacitor.addPackedMessage
FNDA:38,SingleCapacitor.addPackedMessage
DA:32,37
DA:33,37
DA:34,37
DA:37,37
FNF:1
FNH:1
LF:4
LH:4
BRF:0
BRH:0
end_of_record
TN:
SF:contracts/decapacitors/HashChainDecapacitor.sol
FN:31,HashChainDecapacitor.verifyMessageInclusion
FNDA:5,HashChainDecapacitor.verifyMessageInclusion
DA:36,5
DA:37,5
DA:38,5
DA:39,5
DA:40,5
DA:41,13
DA:42,13
BRDA:42,0,0,5
BRDA:42,0,1,13
DA:45,5
FN:54,HashChainDecapacitor.rescueFunds
FNDA:1,HashChainDecapacitor.rescueFunds
DA:59,1
FNF:2
FNH:2
LF:9
LH:9
BRF:2
BRH:2
end_of_record
TN:
SF:contracts/decapacitors/SingleDecapacitor.sol
FN:30,SingleDecapacitor.verifyMessageInclusion
FNDA:4,SingleDecapacitor.verifyMessageInclusion
DA:35,4
FN:44,SingleDecapacitor.rescueFunds
FNDA:1,SingleDecapacitor.rescueFunds
DA:49,1
FNF:2
FNH:2
LF:2
LH:2
BRF:0
BRH:0
end_of_record
TN:
SF:contracts/examples/Counter.sol
FN:33,Counter.localAddOperation
FNDA:0,Counter.localAddOperation
DA:34,0
FN:37,Counter.localSubOperation
FNDA:0,Counter.localSubOperation
DA:38,0
FN:41,Counter.remoteAddOperation
FNDA:14,Counter.remoteAddOperation
DA:47,14
DA:49,14
FN:52,Counter.remoteSubOperation
FNDA:0,Counter.remoteSubOperation
DA:58,0
DA:59,0
FN:62,Counter.inbound
FNDA:6,Counter.inbound
DA:66,6
BRDA:66,0,0,-
BRDA:66,0,1,6
DA:67,6
DA:72,6
BRDA:72,1,0,6
BRDA:72,1,1,-
DA:73,6
DA:74,0
BRDA:74,2,0,-
BRDA:74,2,1,-
DA:75,0
DA:77,0
FN:81,Counter._outbound
FNDA:14,Counter._outbound
DA:87,14
FN:98,Counter._addOperation
FNDA:6,Counter._addOperation
DA:99,6
FN:102,Counter._subOperation
FNDA:0,Counter._subOperation
DA:103,0
BRDA:103,3,0,-
BRDA:103,3,1,-
DA:104,0
FN:108,Counter.setSocketConfig
FNDA:2,Counter.setSocketConfig
DA:113,2
FN:121,Counter.setupComplete
FNDA:0,Counter.setupComplete
DA:122,0
FN:131,Counter.rescueFunds
FNDA:0,Counter.rescueFunds
DA:136,0
FNF:11
FNH:5
LF:20
LH:9
BRF:8
BRH:2
end_of_record
TN:
SF:contracts/examples/Messenger.sol
FN:30,Messenger.updateMsgGasLimit
FNDA:0,Messenger.updateMsgGasLimit
DA:31,0
FN:34,Messenger.removeGas
FNDA:0,Messenger.removeGas
DA:35,0
FN:38,Messenger.sendLocalMessage
FNDA:0,Messenger.sendLocalMessage
DA:39,0
FN:42,Messenger.sendRemoteMessage
FNDA:0,Messenger.sendRemoteMessage
DA:47,0
DA:48,0
FN:51,Messenger.inbound
FNDA:0,Messenger.inbound
DA:55,0
BRDA:55,0,0,-
BRDA:55,0,1,-
DA:56,0
DA:61,0
DA:63,0
DA:67,0
FN:71,Messenger.setSocketConfig
FNDA:0,Messenger.setSocketConfig
DA:76,0
FN:84,Messenger.message
FNDA:0,Messenger.message
DA:85,0
FN:88,Messenger._updateMessage
FNDA:0,Messenger._updateMessage
DA:89,0
FN:92,Messenger._outbound
FNDA:0,Messenger._outbound
DA:97,0
DA:104,0
BRDA:104,1,0,-
BRDA:104,1,1,-
DA:105,0
FNF:9
FNH:0
LF:16
LH:0
BRF:4
BRH:0
end_of_record
TN:
SF:contracts/libraries/AddressAliasHelper.sol
FN:15,AddressAliasHelper.applyL1ToL2Alias
FNDA:0,AddressAliasHelper.applyL1ToL2Alias
DA:19,0
FN:27,AddressAliasHelper.undoL1ToL2Alias
FNDA:0,AddressAliasHelper.undoL1ToL2Alias
DA:31,0
FNF:2
FNH:0
LF:2
LH:0
BRF:0
BRH:0
end_of_record
TN:
SF:contracts/libraries/FeesHelper.sol
FN:19,FeesHelper.withdrawFees
FNDA:3,FeesHelper.withdrawFees
DA:20,3
BRDA:20,0,0,1
BRDA:20,0,1,2
DA:22,2
DA:23,2
DA:24,2
BRDA:24,1,0,-
BRDA:24,1,1,2
DA:26,2
FNF:1
FNH:1
LF:5
LH:5
BRF:4
BRH:3
end_of_record
TN:
SF:contracts/libraries/RescueFundsLib.sol
FN:28,RescueFundsLib.rescueFunds
FNDA:49,RescueFundsLib.rescueFunds
DA:33,49
BRDA:33,0,0,2
BRDA:33,0,1,47
DA:35,47
BRDA:35,1,0,-
BRDA:35,1,1,46
DA:36,46
DA:37,46
BRDA:37,2,0,-
BRDA:37,2,1,46
DA:39,1
BRDA:39,3,0,-
BRDA:39,3,1,1
DA:40,1
FNF:1
FNH:1
LF:6
LH:6
BRF:8
BRH:5
end_of_record
TN:
SF:contracts/mocks/MockAccessControl.sol
FN:12,MockAccessControl.giraffe
FNDA:5,MockAccessControl.giraffe
FN:14,MockAccessControl.hippo
FNDA:5,MockAccessControl.hippo
FN:16,MockAccessControl.animal
FNDA:5,MockAccessControl.animal
FNF:3
FNH:3
LF:0
LH:0
BRF:0
BRH:0
end_of_record
TN:
SF:contracts/mocks/MockOwnable.sol
FN:9,MockOwnable.ownerFunction
FNDA:5,MockOwnable.ownerFunction
FN:11,MockOwnable.publicFunction
FNDA:2,MockOwnable.publicFunction
FNF:2
FNH:2
LF:0
LH:0
BRF:0
BRH:0
end_of_record
TN:
SF:contracts/socket/Socket.sol
FN:45,Socket.rescueFunds
FNDA:2,Socket.rescueFunds
DA:50,2
FNF:1
FNH:1
LF:1
LH:1
BRF:0
BRH:0
end_of_record
TN:
SF:contracts/socket/SocketBase.sol
FN:74,SocketBase.setCapacitorFactory
FNDA:2,SocketBase.setCapacitorFactory
DA:77,1
DA:78,1
FN:86,SocketBase.setHasher
FNDA:2,SocketBase.setHasher
DA:87,1
DA:88,1
FN:96,SocketBase.setExecutionManager
FNDA:2,SocketBase.setExecutionManager
DA:99,1
DA:100,1
FN:108,SocketBase.setTransmitManager
FNDA:2,SocketBase.setTransmitManager
DA:111,1
DA:112,1
FNF:4
FNH:4
LF:8
LH:8
BRF:0
BRH:0
end_of_record
TN:
SF:contracts/socket/SocketBatcher.sol
FN:141,SocketBatcher.setFeesBatch
FNDA:0,SocketBatcher.setFeesBatch
DA:145,0
DA:146,0
DA:147,0
DA:155,0
FN:165,SocketBatcher.setTransmissionFeesBatch
FNDA:0,SocketBatcher.setTransmissionFeesBatch
DA:169,0
DA:170,0
DA:171,0
DA:178,0
FN:188,SocketBatcher.setExecutionFeesBatch
FNDA:0,SocketBatcher.setExecutionFeesBatch
DA:192,0
DA:193,0
DA:195,0
BRDA:194,0,0,-
BRDA:194,0,1,-
DA:198,0
DA:206,0
BRDA:205,1,0,-
BRDA:205,1,1,-
DA:209,0
DA:217,0
BRDA:216,2,0,-
BRDA:216,2,1,-
DA:220,0
DA:228,0
BRDA:227,3,0,-
BRDA:227,3,1,-
DA:231,0
DA:239,0
FN:249,SocketBatcher.sealBatch
FNDA:0,SocketBatcher.sealBatch
DA:253,0
DA:254,0
DA:255,0
DA:261,0
FN:271,SocketBatcher.proposeBatch
FNDA:0,SocketBatcher.proposeBatch
DA:275,0
DA:276,0
DA:277,0
DA:283,0
FN:293,SocketBatcher.attestBatch
FNDA:0,SocketBatcher.attestBatch
DA:297,0
DA:298,0
DA:299,0
DA:305,0
FN:315,SocketBatcher.executeBatch
FNDA:0,SocketBatcher.executeBatch
DA:319,0
DA:320,0
DA:321,0
DA:324,0
DA:325,0
DA:326,0
BRDA:326,4,0,-
BRDA:326,4,1,-
DA:328,0
DA:335,0
FN:345,SocketBatcher.receiveMessageBatch
FNDA:0,SocketBatcher.receiveMessageBatch
DA:349,0
DA:350,0
DA:351,0
DA:355,0
FN:365,SocketBatcher.initiateArbitrumNativeBatch
FNDA:0,SocketBatcher.initiateArbitrumNativeBatch
DA:372,0
DA:375,0
DA:376,0
DA:379,0
DA:390,0
DA:394,0
BRDA:394,5,0,-
BRDA:394,5,1,-
DA:395,0
FN:403,SocketBatcher.initiateNativeBatch
FNDA:0,SocketBatcher.initiateNativeBatch
DA:407,0
DA:408,0
DA:409,0
DA:413,0
FN:424,SocketBatcher.rescueFunds
FNDA:0,SocketBatcher.rescueFunds
DA:429,0
FNF:11
FNH:0
LF:55
LH:0
BRF:12
BRH:0
end_of_record
TN:
SF:contracts/socket/SocketConfig.sol
FN:67,SocketConfig.registerSwitchBoard
FNDA:43,SocketConfig.registerSwitchBoard
DA:72,43
DA:75,43
BRDA:74,0,0,-
BRDA:74,0,1,43
DA:77,0
DA:79,43
DA:82,43
DA:88,43
DA:89,43
DA:90,43
DA:91,43
DA:93,43
FN:111,SocketConfig.connect
FNDA:2,SocketConfig.connect
DA:118,2
BRDA:117,1,0,-
BRDA:117,1,1,2
DA:122,0
DA:124,2
DA:128,2
DA:129,2
DA:132,2
DA:135,2
DA:136,2
DA:138,2
FN:154,SocketConfig.getPlugConfig
FNDA:0,SocketConfig.getPlugConfig
DA:168,0
DA:172,0
FNF:3
FNH:2
LF:21
LH:17
BRF:4
BRH:2
end_of_record
TN:
SF:contracts/socket/SocketDst.sol
FN:97,SocketDst.propose
FNDA:35,SocketDst.propose
DA:102,35
BRDA:102,0,0,17
BRDA:102,0,1,18
DA:104,18
DA:111,18
BRDA:111,1,0,2
BRDA:111,1,1,16
DA:113,16
DA:114,16
DA:117,16
FN:131,SocketDst.execute
FNDA:11,SocketDst.execute
DA:137,11
BRDA:137,2,0,3
BRDA:137,2,1,8
DA:138,3
DA:139,8
DA:141,8
BRDA:141,3,0,-
BRDA:141,3,1,8
DA:142,8
BRDA:142,4,0,-
BRDA:142,4,1,8
DA:143,0
DA:145,8
DA:146,8
BRDA:146,5,0,1
BRDA:146,5,1,7
DA:147,1
DA:149,7
DA:151,7
DA:153,7
DA:161,7
DA:163,7
BRDA:163,6,0,1
BRDA:163,6,1,6
DA:165,6
DA:174,6
FN:177,SocketDst._verify
FNDA:6,SocketDst._verify
DA:187,6
BRDA:186,7,0,-
BRDA:186,7,1,6
DA:194,0
DA:197,6
BRDA:196,8,0,-
BRDA:196,8,1,6
DA:202,0
DA:204,6
FN:213,SocketDst._execute
FNDA:6,SocketDst._execute
DA:220,6
FN:260,SocketDst.isPacketProposed
FNDA:2,SocketDst.isPacketProposed
DA:264,2
FN:275,SocketDst._decodePlug
FNDA:7,SocketDst._decodePlug
DA:276,7
FN:284,SocketDst._decodeSlug
FNDA:34,SocketDst._decodeSlug
DA:287,34
FNF:7
FNH:7
LF:31
LH:28
BRF:18
BRH:14
end_of_record
TN:
SF:contracts/socket/SocketSrc.sol
FN:37,SocketSrc.outbound
FNDA:15,SocketSrc.outbound
DA:43,15
DA:47,15
DA:49,15
DA:57,14
DA:58,14
DA:59,14
DA:60,14
DA:61,14
DA:62,14
DA:64,14
DA:72,14
DA:74,14
DA:81,14
FN:101,SocketSrc._validateAndGetFees
FNDA:15,SocketSrc._validateAndGetFees
DA:108,15
DA:109,15
DA:122,15
BRDA:121,0,0,1
BRDA:121,0,1,14
DA:124,1
DA:128,14
FN:142,SocketSrc._sendFees
FNDA:14,SocketSrc._sendFees
DA:148,14
DA:151,14
DA:157,14
FN:167,SocketSrc.getMinFees
FNDA:1,SocketSrc.getMinFees
DA:174,1
DA:176,1
DA:180,1
DA:188,1
FN:191,SocketSrc._getMinFees
FNDA:16,SocketSrc._getMinFees
DA:206,16
DA:208,16
DA:209,16
DA:212,16
DA:219,16
FN:228,SocketSrc.seal
FNDA:33,SocketSrc.seal
DA:233,33
DA:234,33
BRDA:234,1,0,22
BRDA:234,1,1,11
DA:236,11
DA:239,11
DA:240,11
DA:249,11
BRDA:249,2,0,1
BRDA:249,2,1,10
DA:250,10
FN:256,SocketSrc._encodeMsgId
FNDA:15,SocketSrc._encodeMsgId
DA:260,15
FN:268,SocketSrc._encodePacketId
FNDA:11,SocketSrc._encodePacketId
DA:272,11
FNF:8
FNH:8
LF:39
LH:39
BRF:6
BRH:6
end_of_record
TN:
SF:contracts/switchboard/default-switchboards/FastSwitchboard.sol
FN:81,FastSwitchboard.attest
FNDA:25,FastSwitchboard.attest
DA:86,25
DA:88,25
DA:89,25
BRDA:89,0,0,1
BRDA:89,0,1,24
DA:91,24
DA:98,23
BRDA:98,1,0,2
BRDA:98,1,1,21
DA:99,21
BRDA:99,2,0,1
BRDA:99,2,1,20
DA:100,1
DA:102,20
DA:103,20
DA:105,20
BRDA:105,3,0,12
BRDA:105,3,1,20
DA:106,12
DA:108,20
FN:123,FastSwitchboard.allowPacket
FNDA:14,FastSwitchboard.allowPacket
DA:131,14
BRDA:130,4,0,1
BRDA:130,4,1,13
DA:134,1
DA:135,13
BRDA:135,5,0,12
BRDA:135,5,1,1
DA:136,1
BRDA:136,6,0,-
BRDA:136,6,1,1
DA:137,1
FN:144,FastSwitchboard.grantWatcherRole
FNDA:27,FastSwitchboard.grantWatcherRole
DA:148,27
BRDA:148,7,0,1
BRDA:148,7,1,26
DA:149,1
DA:150,26
DA:152,26
FN:159,FastSwitchboard.revokeWatcherRole
FNDA:2,FastSwitchboard.revokeWatcherRole
DA:163,2
BRDA:163,8,0,1
BRDA:163,8,1,1
DA:164,1
DA:165,1
DA:167,1
FN:170,FastSwitchboard.isNonWatcherRole
FNDA:0,FastSwitchboard.isNonWatcherRole
DA:172,69
BRDA:171,9,0,68
BRDA:171,9,1,1
DA:178,68
DA:180,1
FN:187,FastSwitchboard.grantRole
FNDA:69,FastSwitchboard.grantRole
DA:191,69
BRDA:191,10,0,68
BRDA:191,10,1,1
DA:192,68
DA:194,1
FN:202,FastSwitchboard.grantRoleWithSlug
FNDA:1,FastSwitchboard.grantRoleWithSlug
DA:207,1
BRDA:207,11,0,1
BRDA:207,11,1,-
DA:208,0
FN:215,FastSwitchboard.revokeRole
FNDA:0,FastSwitchboard.revokeRole
DA:219,0
BRDA:219,12,0,-
BRDA:219,12,1,-
DA:220,0
DA:222,0
FN:230,FastSwitchboard.revokeRoleWithSlug
FNDA:0,FastSwitchboard.revokeRoleWithSlug
DA:235,0
BRDA:235,13,0,-
BRDA:235,13,1,-
DA:236,0
FN:243,FastSwitchboard.grantBatchRole
FNDA:0,FastSwitchboard.grantBatchRole
DA:249,0
BRDA:248,14,0,-
BRDA:248,14,1,-
DA:251,0
DA:252,0
DA:253,0
BRDA:253,15,0,-
BRDA:253,15,1,-
DA:254,0
BRDA:254,16,0,-
BRDA:254,16,1,-
DA:255,0
DA:260,0
DA:262,0
FN:271,FastSwitchboard.revokeBatchRole
FNDA:0,FastSwitchboard.revokeBatchRole
DA:277,0
BRDA:276,17,0,-
BRDA:276,17,1,-
DA:279,0
DA:280,0
DA:281,0
BRDA:281,18,0,-
BRDA:281,18,1,-
DA:282,0
BRDA:282,19,0,-
BRDA:282,19,1,-
DA:283,0
DA:288,0
DA:290,0
FNF:11
FNH:6
LF:54
LH:32
BRF:40
BRH:22
end_of_record
TN:
SF:contracts/switchboard/default-switchboards/OptimisticSwitchboard.sol
FN:41,OptimisticSwitchboard.allowPacket
FNDA:3,OptimisticSwitchboard.allowPacket
DA:49,3
BRDA:48,0,0,1
BRDA:48,0,1,2
DA:52,1
DA:53,2
BRDA:53,1,0,1
BRDA:53,1,1,1
DA:54,1
FNF:1
FNH:1
LF:4
LH:4
BRF:4
BRH:4
end_of_record
TN:
SF:contracts/switchboard/default-switchboards/SwitchboardBase.sol
FN:114,SwitchboardBase.payFees
FNDA:15,SwitchboardBase.payFees
FN:119,SwitchboardBase.getMinFees
FNDA:31,SwitchboardBase.getMinFees
DA:122,31
FN:129,SwitchboardBase.registerSiblingSlug
FNDA:84,SwitchboardBase.registerSiblingSlug
DA:134,42
BRDA:134,0,0,-
BRDA:134,0,1,42
DA:136,42
DA:142,42
DA:143,42
DA:144,42
FN:154,SwitchboardBase.tripPath
FNDA:6,SwitchboardBase.tripPath
DA:159,6
DA:174,6
DA:175,5
BRDA:175,1,0,-
BRDA:175,1,1,5
DA:178,5
DA:179,5
FN:185,SwitchboardBase.tripProposal
FNDA:2,SwitchboardBase.tripProposal
DA:191,2
DA:192,2
DA:208,2
DA:209,2
BRDA:209,2,0,-
BRDA:209,2,1,2
DA:212,2
DA:213,2
FN:219,SwitchboardBase.tripGlobal
FNDA:3,SwitchboardBase.tripGlobal
DA:220,3
DA:234,3
DA:235,3
BRDA:235,3,0,-
BRDA:235,3,1,3
DA:237,3
DA:238,3
FN:244,SwitchboardBase.untripPath
FNDA:2,SwitchboardBase.untripPath
DA:249,2
DA:264,2
DA:265,2
BRDA:265,4,0,-
BRDA:265,4,1,2
DA:267,2
DA:268,2
FN:274,SwitchboardBase.untrip
FNDA:2,SwitchboardBase.untrip
DA:275,2
DA:289,2
DA:290,1
BRDA:290,5,0,-
BRDA:290,5,1,1
DA:292,1
DA:293,1
FN:296,SwitchboardBase.setFees
FNDA:2,SwitchboardBase.setFees
DA:303,2
DA:318,2
DA:319,2
BRDA:319,6,0,1
BRDA:319,6,1,1
DA:321,1
DA:326,1
DA:328,1
FN:331,SwitchboardBase.withdrawFees
FNDA:2,SwitchboardBase.withdrawFees
DA:332,1
FN:341,SwitchboardBase.rescueFunds
FNDA:1,SwitchboardBase.rescueFunds
DA:346,1
FNF:11
FNH:11
LF:40
LH:40
BRF:14
BRH:8
end_of_record
TN:
SF:contracts/switchboard/native/ArbitrumL1Switchboard.sol
FN:98,ArbitrumL1Switchboard.initiateNativeConfirmation
FNDA:1,ArbitrumL1Switchboard.initiateNativeConfirmation
DA:106,1
DA:108,1
DA:119,1
FN:128,ArbitrumL1Switchboard._encodeRemoteCall
FNDA:1,ArbitrumL1Switchboard._encodeRemoteCall
DA:131,1
FN:143,ArbitrumL1Switchboard.updateInboxAddresses
FNDA:2,ArbitrumL1Switchboard.updateInboxAddresses
DA:146,1
DA:147,1
FN:155,ArbitrumL1Switchboard.updateBridge
FNDA:2,ArbitrumL1Switchboard.updateBridge
DA:158,1
DA:160,1
FN:169,ArbitrumL1Switchboard.updateOutbox
FNDA:2,ArbitrumL1Switchboard.updateOutbox
DA:172,1
DA:174,1
FNF:5
FNH:5
LF:10
LH:10
BRF:0
BRH:0
end_of_record
TN:
SF:contracts/switchboard/native/ArbitrumL2Switchboard.sol
FN:52,ArbitrumL2Switchboard.initiateNativeConfirmation
FNDA:1,ArbitrumL2Switchboard.initiateNativeConfirmation
DA:53,1
DA:55,1
DA:56,1
FN:65,ArbitrumL2Switchboard._encodeRemoteCall
FNDA:1,ArbitrumL2Switchboard._encodeRemoteCall
DA:68,1
FNF:2
FNH:2
LF:4
LH:4
BRF:0
BRH:0
end_of_record
TN:
SF:contracts/switchboard/native/NativeSwitchboardBase.sol
FN:177,NativeSwitchboardBase._getRoot
FNDA:6,NativeSwitchboardBase._getRoot
DA:178,6
DA:179,6
DA:180,6
BRDA:180,0,0,-
BRDA:180,0,1,6
FN:188,NativeSwitchboardBase.receivePacket
FNDA:13,NativeSwitchboardBase.receivePacket
DA:192,4
DA:193,4
FN:202,NativeSwitchboardBase.allowPacket
FNDA:4,NativeSwitchboardBase.allowPacket
DA:209,4
BRDA:209,1,0,-
BRDA:209,1,1,4
DA:210,4
BRDA:210,2,0,2
BRDA:210,2,1,2
DA:212,2
FN:220,NativeSwitchboardBase.payFees
FNDA:1,NativeSwitchboardBase.payFees
FN:227,NativeSwitchboardBase.getMinFees
FNDA:1,NativeSwitchboardBase.getMinFees
DA:235,1
FN:238,NativeSwitchboardBase.setFees
FNDA:2,NativeSwitchboardBase.setFees
DA:245,2
DA:259,2
DA:260,2
BRDA:260,3,0,1
BRDA:260,3,1,1
DA:262,1
DA:263,1
DA:265,1
FN:269,NativeSwitchboardBase.registerSiblingSlug
FNDA:3,NativeSwitchboardBase.registerSiblingSlug
DA:274,2
BRDA:274,4,0,1
BRDA:274,4,1,1
DA:276,1
DA:282,1
DA:283,1
DA:284,1
DA:286,1
FN:302,NativeSwitchboardBase.tripGlobal
FNDA:4,NativeSwitchboardBase.tripGlobal
DA:303,4
DA:317,4
DA:318,3
BRDA:318,5,0,1
BRDA:318,5,1,2
DA:320,2
DA:321,2
FN:330,NativeSwitchboardBase.untrip
FNDA:3,NativeSwitchboardBase.untrip
DA:331,3
DA:345,3
DA:346,2
BRDA:346,6,0,1
BRDA:346,6,1,1
DA:348,1
DA:349,1
FN:358,NativeSwitchboardBase.updateRemoteNativeSwitchboard
FNDA:2,NativeSwitchboardBase.updateRemoteNativeSwitchboard
DA:361,1
DA:362,1
FN:370,NativeSwitchboardBase.withdrawFees
FNDA:2,NativeSwitchboardBase.withdrawFees
DA:371,1
FN:380,NativeSwitchboardBase.rescueFunds
FNDA:2,NativeSwitchboardBase.rescueFunds
DA:385,2
FNF:12
FNH:12
LF:35
LH:35
BRF:14
BRH:12
end_of_record
TN:
SF:contracts/switchboard/native/OptimismSwitchboard.sol
FN:60,OptimismSwitchboard.initiateNativeConfirmation
FNDA:2,OptimismSwitchboard.initiateNativeConfirmation
DA:61,2
DA:63,2
DA:68,2
FN:76,OptimismSwitchboard._encodeRemoteCall
FNDA:2,OptimismSwitchboard._encodeRemoteCall
DA:79,2
FN:91,OptimismSwitchboard.updateReceiveGasLimit
FNDA:4,OptimismSwitchboard.updateReceiveGasLimit
DA:94,2
DA:95,2
FNF:3
FNH:3
LF:6
LH:6
BRF:0
BRH:0
end_of_record
TN:
SF:contracts/switchboard/native/PolygonL1Switchboard.sol
FN:55,PolygonL1Switchboard.initiateNativeConfirmation
FNDA:1,PolygonL1Switchboard.initiateNativeConfirmation
DA:56,1
DA:57,1
DA:58,1
FN:66,PolygonL1Switchboard._encodeRemoteCall
FNDA:1,PolygonL1Switchboard._encodeRemoteCall
DA:69,1
FN:78,PolygonL1Switchboard._processMessageFromChild
FNDA:0,PolygonL1Switchboard._processMessageFromChild
DA:79,0
DA:83,0
DA:84,0
FN:92,PolygonL1Switchboard.setFxChildTunnel
FNDA:2,PolygonL1Switchboard.setFxChildTunnel
DA:95,1
DA:96,1
FNF:4
FNH:3
LF:9
LH:6
BRF:0
BRH:0
end_of_record
TN:
SF:contracts/switchboard/native/PolygonL2Switchboard.sol
FN:61,PolygonL2Switchboard.initiateNativeConfirmation
FNDA:1,PolygonL2Switchboard.initiateNativeConfirmation
DA:62,1
DA:64,1
DA:65,1
FN:73,PolygonL2Switchboard._encodeRemoteCall
FNDA:1,PolygonL2Switchboard._encodeRemoteCall
DA:76,1
FN:86,PolygonL2Switchboard._processMessageFromRoot
FNDA:0,PolygonL2Switchboard._processMessageFromRoot
DA:91,0
DA:95,0
DA:96,0
FN:103,PolygonL2Switchboard.updateFxChild
FNDA:2,PolygonL2Switchboard.updateFxChild
DA:106,1
DA:107,1
FN:115,PolygonL2Switchboard.setFxRootTunnel
FNDA:2,PolygonL2Switchboard.setFxRootTunnel
DA:118,1
DA:119,1
FNF:5
FNH:4
LF:11
LH:8
BRF:0
BRH:0
end_of_record
TN:
SF:contracts/utils/AccessControl.sol
FN:52,AccessControl._checkRole
FNDA:16,AccessControl._checkRole
DA:53,16
BRDA:53,0,0,3
BRDA:53,0,1,13
FN:63,AccessControl.grantRole
FNDA:243,AccessControl.grantRole
DA:67,243
FN:77,AccessControl.revokeRole
FNDA:1,AccessControl.revokeRole
DA:81,1
FN:90,AccessControl._grantRole
FNDA:447,AccessControl._grantRole
DA:91,447
DA:92,447
FN:101,AccessControl._revokeRole
FNDA:3,AccessControl._revokeRole
DA:102,3
DA:103,3
FN:112,AccessControl.hasRole
FNDA:2,AccessControl.hasRole
DA:116,2
FN:119,AccessControl._hasRole
FNDA:222,AccessControl._hasRole
DA:123,222
FNF:7
FNH:7
LF:9
LH:9
BRF:2
BRH:2
end_of_record
TN:
SF:contracts/utils/AccessControlExtended.sol
FN:29,AccessControlExtended._checkRoleWithSlug
FNDA:111,AccessControlExtended._checkRoleWithSlug
DA:34,111
DA:35,111
BRDA:35,0,0,1
BRDA:35,0,1,110
FN:44,AccessControlExtended.grantRoleWithSlug
FNDA:110,AccessControlExtended.grantRoleWithSlug
DA:49,110
FN:58,AccessControlExtended.grantBatchRole
FNDA:0,AccessControlExtended.grantBatchRole
DA:64,0
BRDA:63,1,0,-
BRDA:63,1,1,-
DA:66,0
DA:67,0
DA:68,0
BRDA:68,2,0,-
BRDA:68,2,1,-
DA:69,0
DA:74,0
FN:84,AccessControlExtended.revokeBatchRole
FNDA:0,AccessControlExtended.revokeBatchRole
DA:90,0
BRDA:89,3,0,-
BRDA:89,3,1,-
DA:92,0
DA:93,0
DA:94,0
BRDA:94,4,0,-
BRDA:94,4,1,-
DA:95,0
DA:100,0
FN:104,AccessControlExtended._grantRoleWithSlug
FNDA:136,AccessControlExtended._grantRoleWithSlug
DA:109,136
FN:119,AccessControlExtended.hasRoleWithSlug
FNDA:5,AccessControlExtended.hasRoleWithSlug
DA:124,5
FN:127,AccessControlExtended._hasRoleWithSlug
FNDA:85,AccessControlExtended._hasRoleWithSlug
DA:132,85
FN:141,AccessControlExtended.revokeRoleWithSlug
FNDA:1,AccessControlExtended.revokeRoleWithSlug
DA:146,1
FN:149,AccessControlExtended._revokeRoleWithSlug
FNDA:2,AccessControlExtended._revokeRoleWithSlug
DA:154,2
FNF:9
FNH:7
LF:20
LH:8
BRF:10
BRH:2
end_of_record
TN:
SF:contracts/utils/Hasher.sol
FN:27,Hasher.packMessage
FNDA:29,Hasher.packMessage
DA:34,29
FN:56,Hasher.rescueFunds
FNDA:20,Hasher.rescueFunds
DA:61,20
FNF:2
FNH:2
LF:2
LH:2
BRF:0
BRH:0
end_of_record
TN:
SF:contracts/utils/Ownable.sol
FN:38,Ownable.owner
FNDA:305,Ownable.owner
DA:39,305
FN:45,Ownable.nominee
FNDA:1,Ownable.nominee
DA:46,1
FN:54,Ownable.nominateOwner
FNDA:4,Ownable.nominateOwner
DA:55,4
BRDA:55,0,0,1
BRDA:55,0,1,3
DA:56,3
DA:57,3
FN:66,Ownable.claimOwner
FNDA:3,Ownable.claimOwner
DA:67,3
BRDA:67,1,0,1
BRDA:67,1,1,2
DA:68,2
FN:75,Ownable._claimOwner
FNDA:2,Ownable._claimOwner
DA:76,2
DA:77,2
DA:78,2
FNF:5
FNH:5
LF:10
LH:10
BRF:4
BRH:4
end_of_record
TN:
SF:contracts/utils/SignatureVerifier.sol
FN:34,SignatureVerifier.recoverSigner
FNDA:191,SignatureVerifier.recoverSigner
DA:38,191
DA:41,191
DA:44,190
FN:54,SignatureVerifier._splitSignature
FNDA:191,SignatureVerifier._splitSignature
DA:57,191
BRDA:57,0,0,1
BRDA:57,0,1,190
DA:59,190
DA:60,190
DA:61,190
FN:71,SignatureVerifier.rescueFunds
FNDA:20,SignatureVerifier.rescueFunds
DA:76,20
FNF:3
FNH:3
LF:8
LH:8
BRF:2
BRH:2
end_of_record
